<?xml version="1.0" encoding="UTF-8"?>
<testng-results ignored="0" total="6" passed="6" failed="0" skipped="0">
  <reporter-output>
  </reporter-output>
  <suite started-at="2024-07-25T19:19:08 IST" name="Suite" finished-at="2024-07-25T19:19:15 IST" duration-ms="7214">
    <groups>
    </groups>
    <test started-at="2024-07-25T19:19:08 IST" name="Test" finished-at="2024-07-25T19:19:15 IST" duration-ms="7214">
      <class name="fullauto.SequenceMethod">
        <test-method signature="launch()[pri:1, instance:fullauto.SequenceMethod@6865c751]" started-at="2024-07-25T19:19:08 IST" name="launch" finished-at="2024-07-25T19:19:12 IST" duration-ms="3740" status="PASS">
          <reporter-output>
          </reporter-output>
        </test-method> <!-- launch -->
        <test-method signature="checkbox()[pri:2, instance:fullauto.SequenceMethod@6865c751]" started-at="2024-07-25T19:19:12 IST" name="checkbox" finished-at="2024-07-25T19:19:12 IST" duration-ms="530" status="PASS">
          <reporter-output>
          </reporter-output>
        </test-method> <!-- checkbox -->
        <test-method signature="checkbox()[pri:2, instance:fullauto.SequenceMethod@6865c751]" started-at="2024-07-25T19:19:12 IST" name="checkbox" finished-at="2024-07-25T19:19:13 IST" duration-ms="496" status="PASS">
          <reporter-output>
          </reporter-output>
        </test-method> <!-- checkbox -->
        <test-method signature="contextClick()[pri:3, instance:fullauto.SequenceMethod@6865c751]" started-at="2024-07-25T19:19:13 IST" name="contextClick" finished-at="2024-07-25T19:19:13 IST" duration-ms="680" status="PASS">
          <reporter-output>
          </reporter-output>
        </test-method> <!-- contextClick -->
        <test-method signature="disappear()[pri:4, instance:fullauto.SequenceMethod@6865c751]" started-at="2024-07-25T19:19:13 IST" name="disappear" finished-at="2024-07-25T19:19:15 IST" duration-ms="1524" status="PASS">
          <reporter-output>
          </reporter-output>
        </test-method> <!-- disappear -->
        <test-method signature="closeb()[pri:5, instance:fullauto.SequenceMethod@6865c751]" started-at="2024-07-25T19:19:15 IST" name="closeb" finished-at="2024-07-25T19:19:15 IST" duration-ms="182" status="PASS">
          <reporter-output>
          </reporter-output>
        </test-method> <!-- closeb -->
      </class> <!-- fullauto.SequenceMethod -->
    </test> <!-- Test -->
  </suite> <!-- Suite -->
</testng-results>
