<?xml version="1.0" encoding="UTF-8"?>
<!-- Generated by org.testng.reporters.JUnitXMLReporter -->
<testsuite ignored="0" hostname="DESKTOP-OED2DK9" failures="0" tests="5" name="Default test" time="17.484" errors="0" timestamp="2024-10-06T16:52:54 IST">
  <testcase classname="fullauto.SequenceMethod" name="checkbox" time="1.524"/>
  <testcase classname="fullauto.SequenceMethod" name="checkbox" time="1.351"/>
  <testcase classname="fullauto.SequenceMethod" name="contextClick" time="1.155"/>
  <testcase classname="fullauto.SequenceMethod" name="disappear" time="2.803"/>
  <testcase classname="fullauto.SequenceMethod" name="hover" time="1.999"/>
</testsuite> <!-- Default test -->
