<?xml version="1.0" encoding="UTF-8"?>
<!-- Generated by org.testng.reporters.JUnitXMLReporter -->
<testsuite ignored="0" hostname="DESKTOP-OED2DK9" failures="0" tests="6" name="Default test" time="7.495" errors="0" timestamp="2024-07-25T16:55:34 IST">
  <testcase classname="fullauto.SequenceMethod" name="launch" time="3.84"/>
  <testcase classname="fullauto.SequenceMethod" name="checkbox" time="0.566"/>
  <testcase classname="fullauto.SequenceMethod" name="checkbox" time="0.534"/>
  <testcase classname="fullauto.SequenceMethod" name="contextClick" time="0.679"/>
  <testcase classname="fullauto.SequenceMethod" name="disappear" time="1.568"/>
  <testcase classname="fullauto.SequenceMethod" name="closeb" time="0.217"/>
</testsuite> <!-- Default test -->
